Using pre-set license
Built from '2020.3/staging' branch; Version is '2020.3.23f1 (c5d91304a876) revision 12966163'; Using compiler version '192528614'; Build Type 'Release'
OS: 'Windows 10 Home; OS build 19044.1466; Version 2009; 64bit' Language: 'en' Physical Memory: 16252 MB
BatchMode: 1, IsHumanControllingUs: 0, StartBugReporterOnCrash: 0, Is64bit: 1, IsPro: 0

COMMAND LINE ARGUMENTS:
C:\Program Files\Unity\Hub\Editor\2020.3.23f1\Editor\Unity.exe
-adb2
-batchMode
-noUpm
-name
AssetImportWorker0
-projectPath
C:/Users/jonat/projects/GitHubTutorial/GitHubDesktopTutorial/GitHubExercise
-logFile
Logs/AssetImportWorker0.log
-srvPort
60495
Successfully changed project path to: C:/Users/jonat/projects/GitHubTutorial/GitHubDesktopTutorial/GitHubExercise
C:/Users/jonat/projects/GitHubTutorial/GitHubDesktopTutorial/GitHubExercise
Using Asset Import Pipeline V2.
Refreshing native plugins compatible for Editor in 27.27 ms, found 2 plugins.
Preloading 0 native plugins for Editor in 0.00 ms.
Initialize engine version: 2020.3.23f1 (c5d91304a876)
[Subsystems] Discovering subsystems at path C:/Program Files/Unity/Hub/Editor/2020.3.23f1/Editor/Data/Resources/UnitySubsystems
[Subsystems] Discovering subsystems at path C:/Users/jonat/projects/GitHubTutorial/GitHubDesktopTutorial/GitHubExercise/Assets
GfxDevice: creating device client; threaded=0
Direct3D:
    Version:  Direct3D 11.0 [level 11.1]
    Renderer: NVIDIA GeForce RTX 3070 Laptop GPU (ID=0x24dd)
    Vendor:   
    VRAM:     8044 MB
    Driver:   30.0.15.1165
Initialize mono
Mono path[0] = 'C:/Program Files/Unity/Hub/Editor/2020.3.23f1/Editor/Data/Managed'
Mono path[1] = 'C:/Program Files/Unity/Hub/Editor/2020.3.23f1/Editor/Data/MonoBleedingEdge/lib/mono/unityjit'
Mono config path = 'C:/Program Files/Unity/Hub/Editor/2020.3.23f1/Editor/Data/MonoBleedingEdge/etc'
Using monoOptions --debugger-agent=transport=dt_socket,embedding=1,server=y,suspend=n,address=127.0.0.1:56256
Begin MonoManager ReloadAssembly
Registering precompiled unity dll's ...
Register platform support module: C:/Program Files/Unity/Hub/Editor/2020.3.23f1/Editor/Data/PlaybackEngines/WindowsStandaloneSupport/UnityEditor.WindowsStandalone.Extensions.dll
Registered in 0.001692 seconds.
Native extension for WindowsStandalone target not found
Refreshing native plugins compatible for Editor in 25.60 ms, found 2 plugins.
Preloading 0 native plugins for Editor in 0.00 ms.
Mono: successfully reloaded assembly
- Completed reload, in  0.454 seconds
Domain Reload Profiling:
	ReloadAssembly (454ms)
		BeginReloadAssembly (43ms)
			ExecutionOrderSort (0ms)
			DisableScriptedObjects (0ms)
			BackupInstance (0ms)
			ReleaseScriptingObjects (0ms)
			CreateAndSetChildDomain (1ms)
		EndReloadAssembly (354ms)
			LoadAssemblies (41ms)
			RebuildTransferFunctionScriptingTraits (0ms)
			SetupTypeCache (115ms)
			ReleaseScriptCaches (0ms)
			RebuildScriptCaches (21ms)
			SetupLoadedEditorAssemblies (133ms)
				LogAssemblyErrors (0ms)
				InitializePlatformSupportModulesInManaged (3ms)
				SetLoadedEditorAssemblies (0ms)
				RefreshPlugins (26ms)
				BeforeProcessingInitializeOnLoad (14ms)
				ProcessInitializeOnLoadAttributes (66ms)
				ProcessInitializeOnLoadMethodAttributes (23ms)
				AfterProcessingInitializeOnLoad (0ms)
				EditorAssembliesLoaded (0ms)
			ExecutionOrderSort2 (0ms)
			AwakeInstancesAfterBackupRestoration (0ms)
Platform modules already initialized, skipping
Registering precompiled user dll's ...
Registered in 0.003810 seconds.
Begin MonoManager ReloadAssembly
Native extension for WindowsStandalone target not found
Refreshing native plugins compatible for Editor in 0.35 ms, found 2 plugins.
Preloading 0 native plugins for Editor in 0.00 ms.
Mono: successfully reloaded assembly
- Completed reload, in  0.776 seconds
Domain Reload Profiling:
	ReloadAssembly (777ms)
		BeginReloadAssembly (107ms)
			ExecutionOrderSort (0ms)
			DisableScriptedObjects (4ms)
			BackupInstance (0ms)
			ReleaseScriptingObjects (0ms)
			CreateAndSetChildDomain (18ms)
		EndReloadAssembly (621ms)
			LoadAssemblies (67ms)
			RebuildTransferFunctionScriptingTraits (0ms)
			SetupTypeCache (214ms)
			ReleaseScriptCaches (0ms)
			RebuildScriptCaches (29ms)
			SetupLoadedEditorAssemblies (246ms)
				LogAssemblyErrors (0ms)
				InitializePlatformSupportModulesInManaged (4ms)
				SetLoadedEditorAssemblies (0ms)
				RefreshPlugins (0ms)
				BeforeProcessingInitializeOnLoad (66ms)
				ProcessInitializeOnLoadAttributes (161ms)
				ProcessInitializeOnLoadMethodAttributes (8ms)
				AfterProcessingInitializeOnLoad (6ms)
				EditorAssembliesLoaded (0ms)
			ExecutionOrderSort2 (0ms)
			AwakeInstancesAfterBackupRestoration (5ms)
Platform modules already initialized, skipping
========================================================================
Worker process is ready to serve import requests
Launched and connected shader compiler UnityShaderCompiler.exe after 0.07 seconds
Refreshing native plugins compatible for Editor in 0.46 ms, found 2 plugins.
Preloading 0 native plugins for Editor in 0.00 ms.
Unloading 1498 Unused Serialized files (Serialized files now loaded: 0)
System memory in use before: 67.9 MB.
System memory in use after: 68.0 MB.

Unloading 19 unused Assets to reduce memory usage. Loaded Objects now: 1930.
Total: 2.990900 ms (FindLiveObjects: 0.190400 ms CreateObjectMapping: 0.060800 ms MarkObjects: 2.660700 ms  DeleteObjects: 0.077900 ms)

AssetImportParameters requested are different than current active one (requested -> active):
  custom:framework-win-MediaFoundation: 216162199b28c13a410421893ffa2e32 -> 
  custom:video-decoder-ogg-theora: a1e56fd34408186e4bbccfd4996cb3dc -> 
  custom:container-muxer-webm: aa71ff27fc2769a1b78a27578f13a17b -> 
  custom:container-demuxer-webm: 4f35f7cbe854078d1ac9338744f61a02 -> 
  custom:container-demuxer-ogg: 62fdf1f143b41e24485cea50d1cbac27 -> 
  custom:video-encoder-webm-vp8: eb34c28f22e8b96e1ab97ce403110664 -> 
  custom:video-codec-MediaFoundation-h265: 746d11721c4dcdbdad8f713fa42b33f4 -> 
  custom:video-decoder-webm-vp8: 9c59270c3fd7afecdb556c50c9e8de78 -> 
  custom:audio-decoder-ogg-vorbis: bf7c407c2cedff20999df2af8eb42d56 -> 
  custom:audio-encoder-webm-vorbis: bf7c407c2cedff20999df2af8eb42d56 -> 
========================================================================
Received Import Request.
  path: Assets
  artifactKey: Guid(00000000000000001000000000000000) Importer(815301076,1909f56bfc062723c751e8b465ee728b)
Start importing Assets using Guid(00000000000000001000000000000000) Importer(815301076,1909f56bfc062723c751e8b465ee728b)  -> (artifact id: '42d402b061de3733987d63b9cc3b64de') in 0.009301 seconds 
  Import took 0.011845 seconds .

========================================================================
Received Import Request.
  Time since last request: 7.385892 seconds.
  path: Assets/Red.mat
  artifactKey: Guid(2d34f049912b64741b560833db91d18a) Importer(815301076,1909f56bfc062723c751e8b465ee728b)
Start importing Assets/Red.mat using Guid(2d34f049912b64741b560833db91d18a) Importer(815301076,1909f56bfc062723c751e8b465ee728b)  -> (artifact id: '5d78a729f5c7da75a4405b98730ae36f') in 0.088218 seconds 
  Import took 0.091337 seconds .

========================================================================
Received Import Request.
  Time since last request: 13.350503 seconds.
  path: Assets/Red.mat
  artifactKey: Guid(2d34f049912b64741b560833db91d18a) Importer(815301076,1909f56bfc062723c751e8b465ee728b)
Start importing Assets/Red.mat using Guid(2d34f049912b64741b560833db91d18a) Importer(815301076,1909f56bfc062723c751e8b465ee728b)  -> (artifact id: 'c1c9f26abd10f733b83d35f1e6565367') in 0.029738 seconds 
  Import took 0.032437 seconds .

========================================================================
Received Import Request.
  Time since last request: 377.376520 seconds.
  path: Assets/Green.mat
  artifactKey: Guid(ceeea77c9f826484f9ff5a57d4783a47) Importer(815301076,1909f56bfc062723c751e8b465ee728b)
Start importing Assets/Green.mat using Guid(ceeea77c9f826484f9ff5a57d4783a47) Importer(815301076,1909f56bfc062723c751e8b465ee728b)  -> (artifact id: 'd0c4b5188eefe65a15561cf4c0675033') in 0.011643 seconds 
  Import took 0.015225 seconds .

========================================================================
Received Import Request.
  Time since last request: 30.446751 seconds.
  path: Assets/Green.mat
  artifactKey: Guid(ceeea77c9f826484f9ff5a57d4783a47) Importer(815301076,1909f56bfc062723c751e8b465ee728b)
Start importing Assets/Green.mat using Guid(ceeea77c9f826484f9ff5a57d4783a47) Importer(815301076,1909f56bfc062723c751e8b465ee728b)  -> (artifact id: 'f805fa5da1fcc2958f3d1491e639b1b0') in 0.017155 seconds 
  Import took 0.019529 seconds .

========================================================================
Received Import Request.
  Time since last request: 115.276573 seconds.
  path: Assets/Green.mat
  artifactKey: Guid(ceeea77c9f826484f9ff5a57d4783a47) Importer(815301076,1909f56bfc062723c751e8b465ee728b)
Start importing Assets/Green.mat using Guid(ceeea77c9f826484f9ff5a57d4783a47) Importer(815301076,1909f56bfc062723c751e8b465ee728b)  -> (artifact id: '55def9d9ff427a26779b707b9799e346') in 0.016008 seconds 
  Import took 0.019501 seconds .

========================================================================
Received Import Request.
  Time since last request: 210.266421 seconds.
  path: Assets/Scenes
  artifactKey: Guid(4a773fb053bad7f4ba0fa75534c11615) Importer(815301076,1909f56bfc062723c751e8b465ee728b)
Start importing Assets/Scenes using Guid(4a773fb053bad7f4ba0fa75534c11615) Importer(815301076,1909f56bfc062723c751e8b465ee728b)  -> (artifact id: 'b1a78fa7cb5f6043b742582361ffd1b8') in 0.006377 seconds 
  Import took 0.015137 seconds .

========================================================================
Received Import Request.
  Time since last request: 328.447422 seconds.
  path: Assets/Tree.prefab
  artifactKey: Guid(c8f5b7f7aca490f43b7a5d66465d27c0) Importer(815301076,1909f56bfc062723c751e8b465ee728b)
Start importing Assets/Tree.prefab using Guid(c8f5b7f7aca490f43b7a5d66465d27c0) Importer(815301076,1909f56bfc062723c751e8b465ee728b)  -> (artifact id: '234627cb86dad343efae814a8d858388') in 0.187169 seconds 
  Import took 0.190754 seconds .

========================================================================
Received Import Request.
  Time since last request: 7.606998 seconds.
  path: Assets/Tree.prefab
  artifactKey: Guid(c8f5b7f7aca490f43b7a5d66465d27c0) Importer(815301076,1909f56bfc062723c751e8b465ee728b)
Start importing Assets/Tree.prefab using Guid(c8f5b7f7aca490f43b7a5d66465d27c0) Importer(815301076,1909f56bfc062723c751e8b465ee728b)  -> (artifact id: '3d920c7e6f5e6bc1f4cee23a150baab0') in 0.023291 seconds 
  Import took 0.025861 seconds .

========================================================================
Received Import Request.
  Time since last request: 115.329881 seconds.
  path: Assets/Tree.prefab
  artifactKey: Guid(c8f5b7f7aca490f43b7a5d66465d27c0) Importer(815301076,1909f56bfc062723c751e8b465ee728b)
Start importing Assets/Tree.prefab using Guid(c8f5b7f7aca490f43b7a5d66465d27c0) Importer(815301076,1909f56bfc062723c751e8b465ee728b)  -> (artifact id: 'aa8a02d117ae384d57bb560e2fe9a089') in 0.035325 seconds 
  Import took 0.038188 seconds .

========================================================================
Received Import Request.
  Time since last request: 524.494143 seconds.
  path: Assets/Scenes/SampleScene.unity
  artifactKey: Guid(9fc0d4010bbf28b4594072e72b8655ab) Importer(815301076,1909f56bfc062723c751e8b465ee728b)
Start importing Assets/Scenes/SampleScene.unity using Guid(9fc0d4010bbf28b4594072e72b8655ab) Importer(815301076,1909f56bfc062723c751e8b465ee728b)  -> (artifact id: '926174b00332fe55a1ebd032d0d4e54a') in 0.007932 seconds 
  Import took 0.010405 seconds .

AssetImportWorkerClient::OnTransportError - code=2 error=End of file
